{"C:\\Users\\arang\\Desktop\\Importante\\NoMasSecuestros\\src\\lib\\profanity-filter.ts": {"path":"C:\\Users\\arang\\Desktop\\Importante\\NoMasSecuestros\\src\\lib\\profanity-filter.ts","statementMap":{"0":{"start":{"line":11,"column":35},"end":{"line":58,"column":null}},"1":{"start":{"line":61,"column":35},"end":{"line":82,"column":null}},"2":{"start":{"line":85,"column":31},"end":{"line":89,"column":null}},"3":{"start":{"line":92,"column":33},"end":{"line":92,"column":null}},"4":{"start":{"line":98,"column":41},"end":{"line":101,"column":null}},"5":{"start":{"line":107,"column":4},"end":{"line":110,"column":null}},"6":{"start":{"line":121,"column":21},"end":{"line":121,"column":null}},"7":{"start":{"line":124,"column":4},"end":{"line":124,"column":null}},"8":{"start":{"line":127,"column":47},"end":{"line":141,"column":null}},"9":{"start":{"line":143,"column":4},"end":{"line":147,"column":null}},"10":{"start":{"line":145,"column":28},"end":{"line":145,"column":null}},"11":{"start":{"line":146,"column":8},"end":{"line":146,"column":null}},"12":{"start":{"line":151,"column":4},"end":{"line":151,"column":null}},"13":{"start":{"line":153,"column":4},"end":{"line":153,"column":null}},"14":{"start":{"line":162,"column":4},"end":{"line":162,"column":null}},"15":{"start":{"line":162,"column":43},"end":{"line":162,"column":null}},"16":{"start":{"line":164,"column":27},"end":{"line":164,"column":null}},"17":{"start":{"line":165,"column":27},"end":{"line":165,"column":null}},"18":{"start":{"line":166,"column":21},"end":{"line":166,"column":null}},"19":{"start":{"line":169,"column":4},"end":{"line":176,"column":null}},"20":{"start":{"line":170,"column":31},"end":{"line":170,"column":null}},"21":{"start":{"line":172,"column":22},"end":{"line":172,"column":null}},"22":{"start":{"line":173,"column":8},"end":{"line":175,"column":null}},"23":{"start":{"line":174,"column":12},"end":{"line":174,"column":null}},"24":{"start":{"line":180,"column":4},"end":{"line":187,"column":null}},"25":{"start":{"line":181,"column":31},"end":{"line":181,"column":null}},"26":{"start":{"line":184,"column":8},"end":{"line":186,"column":null}},"27":{"start":{"line":185,"column":12},"end":{"line":185,"column":null}},"28":{"start":{"line":191,"column":4},"end":{"line":197,"column":null}},"29":{"start":{"line":192,"column":30},"end":{"line":192,"column":null}},"30":{"start":{"line":193,"column":28},"end":{"line":193,"column":null}},"31":{"start":{"line":194,"column":8},"end":{"line":196,"column":null}},"32":{"start":{"line":195,"column":12},"end":{"line":195,"column":null}},"33":{"start":{"line":200,"column":4},"end":{"line":204,"column":null}},"34":{"start":{"line":201,"column":8},"end":{"line":203,"column":null}},"35":{"start":{"line":202,"column":12},"end":{"line":202,"column":null}},"36":{"start":{"line":206,"column":4},"end":{"line":206,"column":null}},"37":{"start":{"line":215,"column":4},"end":{"line":215,"column":null}},"38":{"start":{"line":215,"column":43},"end":{"line":215,"column":null}},"39":{"start":{"line":217,"column":27},"end":{"line":217,"column":null}},"40":{"start":{"line":218,"column":21},"end":{"line":218,"column":null}},"41":{"start":{"line":219,"column":30},"end":{"line":219,"column":null}},"42":{"start":{"line":221,"column":4},"end":{"line":227,"column":null}},"43":{"start":{"line":222,"column":31},"end":{"line":222,"column":null}},"44":{"start":{"line":223,"column":22},"end":{"line":223,"column":null}},"45":{"start":{"line":224,"column":8},"end":{"line":226,"column":null}},"46":{"start":{"line":225,"column":12},"end":{"line":225,"column":null}},"47":{"start":{"line":229,"column":4},"end":{"line":229,"column":null}},"48":{"start":{"line":238,"column":4},"end":{"line":238,"column":null}},"49":{"start":{"line":238,"column":43},"end":{"line":238,"column":null}},"50":{"start":{"line":240,"column":20},"end":{"line":240,"column":null}},"51":{"start":{"line":241,"column":21},"end":{"line":241,"column":null}},"52":{"start":{"line":243,"column":4},"end":{"line":246,"column":null}},"53":{"start":{"line":244,"column":22},"end":{"line":244,"column":null}},"54":{"start":{"line":245,"column":8},"end":{"line":245,"column":null}},"55":{"start":{"line":248,"column":4},"end":{"line":248,"column":null}},"56":{"start":{"line":258,"column":4},"end":{"line":263,"column":null}},"57":{"start":{"line":259,"column":8},"end":{"line":262,"column":null}},"58":{"start":{"line":264,"column":4},"end":{"line":264,"column":null}},"59":{"start":{"line":277,"column":43},"end":{"line":277,"column":null}},"60":{"start":{"line":279,"column":4},"end":{"line":284,"column":null}},"61":{"start":{"line":280,"column":22},"end":{"line":280,"column":null}},"62":{"start":{"line":281,"column":8},"end":{"line":283,"column":null}},"63":{"start":{"line":282,"column":12},"end":{"line":282,"column":null}},"64":{"start":{"line":286,"column":4},"end":{"line":289,"column":null}},"65":{"start":{"line":293,"column":26},"end":{"line":297,"column":null}}},"fnMap":{"0":{"name":"normalizeText","decl":{"start":{"line":106,"column":16},"end":{"line":106,"column":30}},"loc":{"start":{"line":106,"column":52},"end":{"line":111,"column":null}},"line":106},"1":{"name":"normalizeAggressive","decl":{"start":{"line":120,"column":9},"end":{"line":120,"column":29}},"loc":{"start":{"line":120,"column":51},"end":{"line":154,"column":null}},"line":120},"2":{"name":"(anonymous_2)","decl":{"start":{"line":143,"column":36},"end":{"line":143,"column":37}},"loc":{"start":{"line":143,"column":56},"end":{"line":147,"column":5}},"line":143},"3":{"name":"containsProfanity","decl":{"start":{"line":161,"column":16},"end":{"line":161,"column":34}},"loc":{"start":{"line":161,"column":57},"end":{"line":207,"column":null}},"line":161},"4":{"name":"getProfanityMatches","decl":{"start":{"line":214,"column":16},"end":{"line":214,"column":36}},"loc":{"start":{"line":214,"column":60},"end":{"line":230,"column":null}},"line":214},"5":{"name":"sanitizeText","decl":{"start":{"line":237,"column":16},"end":{"line":237,"column":29}},"loc":{"start":{"line":237,"column":51},"end":{"line":249,"column":null}},"line":237},"6":{"name":"validateFieldProfanity","decl":{"start":{"line":257,"column":16},"end":{"line":257,"column":39}},"loc":{"start":{"line":257,"column":111},"end":{"line":265,"column":null}},"line":257},"7":{"name":"validateDataProfanity","decl":{"start":{"line":273,"column":16},"end":{"line":273,"column":null}},"loc":{"start":{"line":276,"column":56},"end":{"line":290,"column":null}},"line":276}},"branchMap":{"0":{"loc":{"start":{"line":162,"column":4},"end":{"line":162,"column":null}},"type":"if","locations":[{"start":{"line":162,"column":4},"end":{"line":162,"column":null}},{"start":{},"end":{}}],"line":162},"1":{"loc":{"start":{"line":162,"column":8},"end":{"line":162,"column":43}},"type":"binary-expr","locations":[{"start":{"line":162,"column":8},"end":{"line":162,"column":17}},{"start":{"line":162,"column":17},"end":{"line":162,"column":43}}],"line":162},"2":{"loc":{"start":{"line":173,"column":8},"end":{"line":175,"column":null}},"type":"if","locations":[{"start":{"line":173,"column":8},"end":{"line":175,"column":null}},{"start":{},"end":{}}],"line":173},"3":{"loc":{"start":{"line":184,"column":8},"end":{"line":186,"column":null}},"type":"if","locations":[{"start":{"line":184,"column":8},"end":{"line":186,"column":null}},{"start":{},"end":{}}],"line":184},"4":{"loc":{"start":{"line":194,"column":8},"end":{"line":196,"column":null}},"type":"if","locations":[{"start":{"line":194,"column":8},"end":{"line":196,"column":null}},{"start":{},"end":{}}],"line":194},"5":{"loc":{"start":{"line":201,"column":8},"end":{"line":203,"column":null}},"type":"if","locations":[{"start":{"line":201,"column":8},"end":{"line":203,"column":null}},{"start":{},"end":{}}],"line":201},"6":{"loc":{"start":{"line":215,"column":4},"end":{"line":215,"column":null}},"type":"if","locations":[{"start":{"line":215,"column":4},"end":{"line":215,"column":null}},{"start":{},"end":{}}],"line":215},"7":{"loc":{"start":{"line":215,"column":8},"end":{"line":215,"column":43}},"type":"binary-expr","locations":[{"start":{"line":215,"column":8},"end":{"line":215,"column":17}},{"start":{"line":215,"column":17},"end":{"line":215,"column":43}}],"line":215},"8":{"loc":{"start":{"line":224,"column":8},"end":{"line":226,"column":null}},"type":"if","locations":[{"start":{"line":224,"column":8},"end":{"line":226,"column":null}},{"start":{},"end":{}}],"line":224},"9":{"loc":{"start":{"line":238,"column":4},"end":{"line":238,"column":null}},"type":"if","locations":[{"start":{"line":238,"column":4},"end":{"line":238,"column":null}},{"start":{},"end":{}}],"line":238},"10":{"loc":{"start":{"line":238,"column":8},"end":{"line":238,"column":43}},"type":"binary-expr","locations":[{"start":{"line":238,"column":8},"end":{"line":238,"column":17}},{"start":{"line":238,"column":17},"end":{"line":238,"column":43}}],"line":238},"11":{"loc":{"start":{"line":258,"column":4},"end":{"line":263,"column":null}},"type":"if","locations":[{"start":{"line":258,"column":4},"end":{"line":263,"column":null}},{"start":{},"end":{}}],"line":258},"12":{"loc":{"start":{"line":281,"column":8},"end":{"line":283,"column":null}},"type":"if","locations":[{"start":{"line":281,"column":8},"end":{"line":283,"column":null}},{"start":{},"end":{}}],"line":281},"13":{"loc":{"start":{"line":281,"column":12},"end":{"line":281,"column":67}},"type":"binary-expr","locations":[{"start":{"line":281,"column":12},"end":{"line":281,"column":41}},{"start":{"line":281,"column":41},"end":{"line":281,"column":67}}],"line":281}},"s":{"0":2,"1":2,"2":2,"3":2,"4":2,"5":1492,"6":286,"7":286,"8":286,"9":286,"10":3718,"11":3718,"12":286,"13":286,"14":25,"15":0,"16":25,"17":25,"18":25,"19":25,"20":1157,"21":1157,"22":1157,"23":8,"24":17,"25":261,"26":261,"27":14,"28":3,"29":195,"30":195,"31":195,"32":0,"33":3,"34":9,"35":0,"36":3,"37":0,"38":0,"39":0,"40":0,"41":0,"42":0,"43":0,"44":0,"45":0,"46":0,"47":0,"48":0,"49":0,"50":0,"51":0,"52":0,"53":0,"54":0,"55":0,"56":0,"57":0,"58":0,"59":0,"60":0,"61":0,"62":0,"63":0,"64":0,"65":2},"f":{"0":1492,"1":286,"2":3718,"3":25,"4":0,"5":0,"6":0,"7":0},"b":{"0":[0,25],"1":[25,25],"2":[8,1149],"3":[14,247],"4":[0,195],"5":[0,9],"6":[0,0],"7":[0,0],"8":[0,0],"9":[0,0],"10":[0,0],"11":[0,0],"12":[0,0],"13":[0,0]},"meta":{"lastBranch":14,"lastFunction":8,"lastStatement":66,"seen":{"s:11:35:58:Infinity":0,"s:61:35:82:Infinity":1,"s:85:31:89:Infinity":2,"s:92:33:92:Infinity":3,"s:98:41:101:Infinity":4,"f:106:16:106:30":0,"s:107:4:110:Infinity":5,"f:120:9:120:29":1,"s:121:21:121:Infinity":6,"s:124:4:124:Infinity":7,"s:127:47:141:Infinity":8,"s:143:4:147:Infinity":9,"f:143:36:143:37":2,"s:145:28:145:Infinity":10,"s:146:8:146:Infinity":11,"s:151:4:151:Infinity":12,"s:153:4:153:Infinity":13,"f:161:16:161:34":3,"b:162:4:162:Infinity:undefined:undefined:undefined:undefined":0,"s:162:4:162:Infinity":14,"b:162:8:162:17:162:17:162:43":1,"s:162:43:162:Infinity":15,"s:164:27:164:Infinity":16,"s:165:27:165:Infinity":17,"s:166:21:166:Infinity":18,"s:169:4:176:Infinity":19,"s:170:31:170:Infinity":20,"s:172:22:172:Infinity":21,"b:173:8:175:Infinity:undefined:undefined:undefined:undefined":2,"s:173:8:175:Infinity":22,"s:174:12:174:Infinity":23,"s:180:4:187:Infinity":24,"s:181:31:181:Infinity":25,"b:184:8:186:Infinity:undefined:undefined:undefined:undefined":3,"s:184:8:186:Infinity":26,"s:185:12:185:Infinity":27,"s:191:4:197:Infinity":28,"s:192:30:192:Infinity":29,"s:193:28:193:Infinity":30,"b:194:8:196:Infinity:undefined:undefined:undefined:undefined":4,"s:194:8:196:Infinity":31,"s:195:12:195:Infinity":32,"s:200:4:204:Infinity":33,"b:201:8:203:Infinity:undefined:undefined:undefined:undefined":5,"s:201:8:203:Infinity":34,"s:202:12:202:Infinity":35,"s:206:4:206:Infinity":36,"f:214:16:214:36":4,"b:215:4:215:Infinity:undefined:undefined:undefined:undefined":6,"s:215:4:215:Infinity":37,"b:215:8:215:17:215:17:215:43":7,"s:215:43:215:Infinity":38,"s:217:27:217:Infinity":39,"s:218:21:218:Infinity":40,"s:219:30:219:Infinity":41,"s:221:4:227:Infinity":42,"s:222:31:222:Infinity":43,"s:223:22:223:Infinity":44,"b:224:8:226:Infinity:undefined:undefined:undefined:undefined":8,"s:224:8:226:Infinity":45,"s:225:12:225:Infinity":46,"s:229:4:229:Infinity":47,"f:237:16:237:29":5,"b:238:4:238:Infinity:undefined:undefined:undefined:undefined":9,"s:238:4:238:Infinity":48,"b:238:8:238:17:238:17:238:43":10,"s:238:43:238:Infinity":49,"s:240:20:240:Infinity":50,"s:241:21:241:Infinity":51,"s:243:4:246:Infinity":52,"s:244:22:244:Infinity":53,"s:245:8:245:Infinity":54,"s:248:4:248:Infinity":55,"f:257:16:257:39":6,"b:258:4:263:Infinity:undefined:undefined:undefined:undefined":11,"s:258:4:263:Infinity":56,"s:259:8:262:Infinity":57,"s:264:4:264:Infinity":58,"f:273:16:273:Infinity":7,"s:277:43:277:Infinity":59,"s:279:4:284:Infinity":60,"s:280:22:280:Infinity":61,"b:281:8:283:Infinity:undefined:undefined:undefined:undefined":12,"s:281:8:283:Infinity":62,"b:281:12:281:41:281:41:281:67":13,"s:282:12:282:Infinity":63,"s:286:4:289:Infinity":64,"s:293:26:297:Infinity":65}}}
}
